<?xml version="1.0" encoding="UTF-8"?>
<testsuite name="com.sikayetvar.textmining.api.nlp.NgramBuilderWordParseTest" tests="6" skipped="0" failures="0" errors="0" timestamp="2017-03-22T22:34:45" hostname="Denizs-MacBook-Pro.local" time="0.004">
  <properties/>
  <testcase name="buildNgramsOfParses[0]" classname="com.sikayetvar.textmining.api.nlp.NgramBuilderWordParseTest" time="0.001"/>
  <testcase name="buildNgramsOfParses[1]" classname="com.sikayetvar.textmining.api.nlp.NgramBuilderWordParseTest" time="0.0"/>
  <testcase name="buildNgramsOfParses[2]" classname="com.sikayetvar.textmining.api.nlp.NgramBuilderWordParseTest" time="0.001"/>
  <testcase name="buildNgramsOfParses[3]" classname="com.sikayetvar.textmining.api.nlp.NgramBuilderWordParseTest" time="0.0"/>
  <testcase name="buildNgramsOfParses[4]" classname="com.sikayetvar.textmining.api.nlp.NgramBuilderWordParseTest" time="0.0"/>
  <testcase name="buildNgramsOfParses[5]" classname="com.sikayetvar.textmining.api.nlp.NgramBuilderWordParseTest" time="0.0"/>
  <system-out><![CDATA[ngram : 1
ngram : 2
ngram : 3
ngram : 4
ngram : 5
ngram : 6
]]></system-out>
  <system-err><![CDATA[]]></system-err>
</testsuite>
